# JRE version: OpenJDK Runtime Environment Microsoft-10800198 (21.0.6+7) (build 21.0.6+7-LTS)
# Java VM: OpenJDK 64-Bit Server VM Microsoft-10800198 (21.0.6+7-LTS, mixed mode, sharing, tiered, compressed oops, compressed class ptrs, g1 gc, linux-amd64)
GC Precious Log:
 CardTable entry size: 512
 Card Set container configuration: InlinePtr #cards 4 size 8 Array Of Cards #cards 16 size 48 Howl #buckets 8 coarsen threshold 3686 Howl Bitmap #cards 512 size 80 coarsen threshold 460 Card regions per heap region 1 cards per card region 4096
 CPUs: 16 total, 16 available
 Memory: 15692M
 Large Page Support: Disabled
 NUMA Support: Disabled
 Compressed Oops: Enabled (Zero based)
 Heap Region Size: 2M
 Heap Min Capacity: 8M
 Heap Initial Capacity: 246M
 Heap Max Capacity: 3924M
 Pre-touch: Disabled
 Parallel Workers: 13
 Concurrent Workers: 3
 Concurrent Refinement Workers: 13
 Periodic GC: Disabled
Heap:
 garbage-first heap   total 100352K, used 40435K [0x000000070ac00000, 0x0000000800000000)
  region size 2048K, 3 young (6144K), 1 survivors (2048K)
 Metaspace       used 80174K, committed 80768K, reserved 1179648K
  class space    used 9365K, committed 9664K, reserved 1048576K
GC Heap History (20 events):
Event: 433,609 GC heap before
{Heap before GC invocations=40 (full 0):
 garbage-first heap   total 100352K, used 88399K [0x000000070ac00000, 0x0000000800000000)
  region size 2048K, 26 young (53248K), 1 survivors (2048K)
 Metaspace       used 79683K, committed 80256K, reserved 1179648K
  class space    used 9316K, committed 9600K, reserved 1048576K
}
Event: 433,611 GC heap after
{Heap after GC invocations=41 (full 0):
 garbage-first heap   total 100352K, used 36841K [0x000000070ac00000, 0x0000000800000000)
  region size 2048K, 1 young (2048K), 1 survivors (2048K)
 Metaspace       used 79683K, committed 80256K, reserved 1179648K
  class space    used 9316K, committed 9600K, reserved 1048576K
}
Event: 434,392 GC heap before
{Heap before GC invocations=41 (full 0):
 garbage-first heap   total 100352K, used 90089K [0x000000070ac00000, 0x0000000800000000)
  region size 2048K, 27 young (55296K), 1 survivors (2048K)
 Metaspace       used 79683K, committed 80256K, reserved 1179648K
  class space    used 9316K, committed 9600K, reserved 1048576K
}
Event: 434,393 GC heap after
{Heap after GC invocations=42 (full 0):
 garbage-first heap   total 100352K, used 37049K [0x000000070ac00000, 0x0000000800000000)
  region size 2048K, 1 young (2048K), 1 survivors (2048K)
 Metaspace       used 79683K, committed 80256K, reserved 1179648K
  class space    used 9316K, committed 9600K, reserved 1048576K
}
Event: 435,277 GC heap before
{Heap before GC invocations=43 (full 0):
 garbage-first heap   total 100352K, used 88249K [0x000000070ac00000, 0x0000000800000000)
  region size 2048K, 26 young (53248K), 1 survivors (2048K)
 Metaspace       used 79685K, committed 80256K, reserved 1179648K
  class space    used 9316K, committed 9600K, reserved 1048576K
}
Event: 435,278 GC heap after
{Heap after GC invocations=44 (full 0):
 garbage-first heap   total 100352K, used 37083K [0x000000070ac00000, 0x0000000800000000)
  region size 2048K, 1 young (2048K), 1 survivors (2048K)
 Metaspace       used 79685K, committed 80256K, reserved 1179648K
  class space    used 9316K, committed 9600K, reserved 1048576K
}
Event: 436,119 GC heap before
{Heap before GC invocations=44 (full 0):
 garbage-first heap   total 100352K, used 88283K [0x000000070ac00000, 0x0000000800000000)
  region size 2048K, 26 young (53248K), 1 survivors (2048K)
 Metaspace       used 79685K, committed 80256K, reserved 1179648K
  class space    used 9316K, committed 9600K, reserved 1048576K
}
Event: 436,121 GC heap after
{Heap after GC invocations=45 (full 0):
 garbage-first heap   total 100352K, used 36835K [0x000000070ac00000, 0x0000000800000000)
  region size 2048K, 1 young (2048K), 1 survivors (2048K)
 Metaspace       used 79685K, committed 80256K, reserved 1179648K
  class space    used 9316K, committed 9600K, reserved 1048576K
}
Event: 436,992 GC heap before
{Heap before GC invocations=45 (full 0):
 garbage-first heap   total 100352K, used 90083K [0x000000070ac00000, 0x0000000800000000)
  region size 2048K, 27 young (55296K), 1 survivors (2048K)
 Metaspace       used 79685K, committed 80256K, reserved 1179648K
  class space    used 9316K, committed 9600K, reserved 1048576K
}
Event: 436,993 GC heap after
{Heap after GC invocations=46 (full 0):
 garbage-first heap   total 100352K, used 36979K [0x000000070ac00000, 0x0000000800000000)
  region size 2048K, 1 young (2048K), 1 survivors (2048K)
 Metaspace       used 79685K, committed 80256K, reserved 1179648K
  class space    used 9316K, committed 9600K, reserved 1048576K
}
Event: 437,998 GC heap before
{Heap before GC invocations=47 (full 0):
 garbage-first heap   total 100352K, used 88179K [0x000000070ac00000, 0x0000000800000000)
  region size 2048K, 26 young (53248K), 1 survivors (2048K)
 Metaspace       used 79688K, committed 80256K, reserved 1179648K
  class space    used 9316K, committed 9600K, reserved 1048576K
}
Event: 437,998 GC heap after
{Heap after GC invocations=48 (full 0):
 garbage-first heap   total 100352K, used 36984K [0x000000070ac00000, 0x0000000800000000)
  region size 2048K, 1 young (2048K), 1 survivors (2048K)
 Metaspace       used 79688K, committed 80256K, reserved 1179648K
  class space    used 9316K, committed 9600K, reserved 1048576K
}
Event: 438,988 GC heap before
{Heap before GC invocations=48 (full 0):
 garbage-first heap   total 100352K, used 88184K [0x000000070ac00000, 0x0000000800000000)
  region size 2048K, 26 young (53248K), 1 survivors (2048K)
 Metaspace       used 79688K, committed 80256K, reserved 1179648K
  class space    used 9316K, committed 9600K, reserved 1048576K
}
Event: 438,989 GC heap after
{Heap after GC invocations=49 (full 0):
 garbage-first heap   total 100352K, used 36782K [0x000000070ac00000, 0x0000000800000000)
  region size 2048K, 1 young (2048K), 1 survivors (2048K)
 Metaspace       used 79688K, committed 80256K, reserved 1179648K
  class space    used 9316K, committed 9600K, reserved 1048576K
}
Event: 439,954 GC heap before
{Heap before GC invocations=49 (full 0):
 garbage-first heap   total 100352K, used 90030K [0x000000070ac00000, 0x0000000800000000)
  region size 2048K, 27 young (55296K), 1 survivors (2048K)
 Metaspace       used 79688K, committed 80256K, reserved 1179648K
  class space    used 9316K, committed 9600K, reserved 1048576K
}
Event: 439,956 GC heap after
{Heap after GC invocations=50 (full 0):
 garbage-first heap   total 100352K, used 36926K [0x000000070ac00000, 0x0000000800000000)
  region size 2048K, 1 young (2048K), 1 survivors (2048K)
 Metaspace       used 79688K, committed 80256K, reserved 1179648K
  class space    used 9316K, committed 9600K, reserved 1048576K
}
Event: 653,935 GC heap before
{Heap before GC invocations=51 (full 0):
 garbage-first heap   total 100352K, used 90174K [0x000000070ac00000, 0x0000000800000000)
  region size 2048K, 27 young (55296K), 1 survivors (2048K)
 Metaspace       used 79707K, committed 80256K, reserved 1179648K
  class space    used 9316K, committed 9600K, reserved 1048576K
}
Event: 653,935 GC heap after
{Heap after GC invocations=52 (full 0):
 garbage-first heap   total 100352K, used 37270K [0x000000070ac00000, 0x0000000800000000)
  region size 2048K, 1 young (2048K), 1 survivors (2048K)
 Metaspace       used 79707K, committed 80256K, reserved 1179648K
  class space    used 9316K, committed 9600K, reserved 1048576K
}
Event: 1218,120 GC heap before
{Heap before GC invocations=52 (full 0):
 garbage-first heap   total 100352K, used 86422K [0x000000070ac00000, 0x0000000800000000)
  region size 2048K, 26 young (53248K), 1 survivors (2048K)
 Metaspace       used 80164K, committed 80768K, reserved 1179648K
  class space    used 9364K, committed 9664K, reserved 1048576K
}
Event: 1218,122 GC heap after
{Heap after GC invocations=53 (full 0):
 garbage-first heap   total 100352K, used 38387K [0x000000070ac00000, 0x0000000800000000)
  region size 2048K, 1 young (2048K), 1 survivors (2048K)
 Metaspace       used 80164K, committed 80768K, reserved 1179648K
  class space    used 9364K, committed 9664K, reserved 1048576K
}

